{"/Users/kctong529/Library/Mobile Documents/com~apple~CloudDocs/Coding/Repo/sisukas/loader.js": {"path":"/Users/kctong529/Library/Mobile Documents/com~apple~CloudDocs/Coding/Repo/sisukas/loader.js","statementMap":{"0":{"start":{"line":6,"column":2},"end":{"line":8,"column":3}},"1":{"start":{"line":7,"column":4},"end":{"line":7,"column":27}},"2":{"start":{"line":9,"column":2},"end":{"line":9,"column":14}},"3":{"start":{"line":13,"column":26},"end":{"line":16,"column":1}},"4":{"start":{"line":17,"column":25},"end":{"line":20,"column":1}},"5":{"start":{"line":22,"column":25},"end":{"line":22,"column":27}},"6":{"start":{"line":25,"column":21},"end":{"line":45,"column":1}},"7":{"start":{"line":26,"column":28},"end":{"line":26,"column":72}},"8":{"start":{"line":27,"column":22},"end":{"line":27,"column":65}},"9":{"start":{"line":28,"column":29},"end":{"line":28,"column":65}},"10":{"start":{"line":30,"column":4},"end":{"line":44,"column":5}},"11":{"start":{"line":31,"column":25},"end":{"line":31,"column":54}},"12":{"start":{"line":32,"column":21},"end":{"line":32,"column":42}},"13":{"start":{"line":33,"column":21},"end":{"line":33,"column":36}},"14":{"start":{"line":35,"column":30},"end":{"line":35,"column":67}},"15":{"start":{"line":36,"column":8},"end":{"line":38,"column":9}},"16":{"start":{"line":37,"column":12},"end":{"line":37,"column":72}},"17":{"start":{"line":40,"column":8},"end":{"line":40,"column":26}},"18":{"start":{"line":42,"column":8},"end":{"line":42,"column":59}},"19":{"start":{"line":43,"column":8},"end":{"line":43,"column":18}},"20":{"start":{"line":50,"column":4},"end":{"line":50,"column":44}},"21":{"start":{"line":51,"column":4},"end":{"line":51,"column":43}},"22":{"start":{"line":53,"column":26},"end":{"line":53,"column":58}},"23":{"start":{"line":54,"column":26},"end":{"line":54,"column":58}},"24":{"start":{"line":57,"column":28},"end":{"line":76,"column":5}},"25":{"start":{"line":58,"column":8},"end":{"line":75,"column":11}},"26":{"start":{"line":59,"column":44},"end":{"line":59,"column":51}},"27":{"start":{"line":60,"column":30},"end":{"line":60,"column":48}},"28":{"start":{"line":63,"column":12},"end":{"line":66,"column":14}},"29":{"start":{"line":69,"column":12},"end":{"line":74,"column":15}},"30":{"start":{"line":70,"column":16},"end":{"line":72,"column":17}},"31":{"start":{"line":71,"column":20},"end":{"line":71,"column":58}},"32":{"start":{"line":73,"column":16},"end":{"line":73,"column":57}},"33":{"start":{"line":79,"column":4},"end":{"line":79,"column":44}},"34":{"start":{"line":80,"column":4},"end":{"line":80,"column":44}},"35":{"start":{"line":85,"column":4},"end":{"line":85,"column":53}},"36":{"start":{"line":88,"column":4},"end":{"line":88,"column":20}},"37":{"start":{"line":93,"column":29},"end":{"line":93,"column":73}},"38":{"start":{"line":96,"column":4},"end":{"line":96,"column":36}},"39":{"start":{"line":98,"column":4},"end":{"line":131,"column":7}},"40":{"start":{"line":100,"column":24},"end":{"line":100,"column":53}},"41":{"start":{"line":101,"column":8},"end":{"line":101,"column":38}},"42":{"start":{"line":104,"column":25},"end":{"line":104,"column":55}},"43":{"start":{"line":105,"column":8},"end":{"line":105,"column":44}},"44":{"start":{"line":106,"column":8},"end":{"line":106,"column":41}},"45":{"start":{"line":107,"column":8},"end":{"line":107,"column":38}},"46":{"start":{"line":110,"column":8},"end":{"line":127,"column":11}},"47":{"start":{"line":111,"column":30},"end":{"line":111,"column":59}},"48":{"start":{"line":112,"column":12},"end":{"line":112,"column":46}},"49":{"start":{"line":113,"column":12},"end":{"line":113,"column":71}},"50":{"start":{"line":115,"column":33},"end":{"line":115,"column":63}},"51":{"start":{"line":116,"column":12},"end":{"line":116,"column":52}},"52":{"start":{"line":117,"column":12},"end":{"line":117,"column":53}},"53":{"start":{"line":119,"column":36},"end":{"line":119,"column":66}},"54":{"start":{"line":120,"column":12},"end":{"line":120,"column":62}},"55":{"start":{"line":121,"column":12},"end":{"line":121,"column":69}},"56":{"start":{"line":123,"column":12},"end":{"line":123,"column":48}},"57":{"start":{"line":124,"column":12},"end":{"line":124,"column":51}},"58":{"start":{"line":126,"column":12},"end":{"line":126,"column":43}},"59":{"start":{"line":130,"column":8},"end":{"line":130,"column":46}},"60":{"start":{"line":136,"column":4},"end":{"line":139,"column":5}},"61":{"start":{"line":137,"column":8},"end":{"line":137,"column":83}},"62":{"start":{"line":138,"column":8},"end":{"line":138,"column":21}},"63":{"start":{"line":140,"column":4},"end":{"line":140,"column":73}}},"fnMap":{"0":{"name":"loadYaml","decl":{"start":{"line":5,"column":15},"end":{"line":5,"column":23}},"loc":{"start":{"line":5,"column":26},"end":{"line":10,"column":1}},"line":5},"1":{"name":"(anonymous_1)","decl":{"start":{"line":25,"column":21},"end":{"line":25,"column":22}},"loc":{"start":{"line":25,"column":41},"end":{"line":45,"column":1}},"line":25},"2":{"name":"loadPrograms","decl":{"start":{"line":48,"column":22},"end":{"line":48,"column":34}},"loc":{"start":{"line":48,"column":37},"end":{"line":81,"column":1}},"line":48},"3":{"name":"(anonymous_3)","decl":{"start":{"line":57,"column":28},"end":{"line":57,"column":29}},"loc":{"start":{"line":57,"column":53},"end":{"line":76,"column":5}},"line":57},"4":{"name":"(anonymous_4)","decl":{"start":{"line":58,"column":40},"end":{"line":58,"column":41}},"loc":{"start":{"line":58,"column":51},"end":{"line":75,"column":9}},"line":58},"5":{"name":"(anonymous_5)","decl":{"start":{"line":69,"column":28},"end":{"line":69,"column":29}},"loc":{"start":{"line":69,"column":38},"end":{"line":74,"column":13}},"line":69},"6":{"name":"loadPeriods","decl":{"start":{"line":84,"column":22},"end":{"line":84,"column":33}},"loc":{"start":{"line":84,"column":36},"end":{"line":89,"column":1}},"line":84},"7":{"name":"renderPeriods","decl":{"start":{"line":92,"column":9},"end":{"line":92,"column":22}},"loc":{"start":{"line":92,"column":25},"end":{"line":132,"column":1}},"line":92},"8":{"name":"(anonymous_8)","decl":{"start":{"line":98,"column":32},"end":{"line":98,"column":33}},"loc":{"start":{"line":98,"column":40},"end":{"line":131,"column":5}},"line":98},"9":{"name":"(anonymous_9)","decl":{"start":{"line":110,"column":29},"end":{"line":110,"column":30}},"loc":{"start":{"line":110,"column":39},"end":{"line":127,"column":9}},"line":110},"10":{"name":"isCourseInCurriculum","decl":{"start":{"line":135,"column":16},"end":{"line":135,"column":36}},"loc":{"start":{"line":135,"column":64},"end":{"line":141,"column":1}},"line":135}},"branchMap":{"0":{"loc":{"start":{"line":6,"column":2},"end":{"line":8,"column":3}},"type":"if","locations":[{"start":{"line":6,"column":2},"end":{"line":8,"column":3}},{"start":{},"end":{}}],"line":6},"1":{"loc":{"start":{"line":27,"column":22},"end":{"line":27,"column":65}},"type":"binary-expr","locations":[{"start":{"line":27,"column":22},"end":{"line":27,"column":37}},{"start":{"line":27,"column":41},"end":{"line":27,"column":65}}],"line":27},"2":{"loc":{"start":{"line":36,"column":8},"end":{"line":38,"column":9}},"type":"if","locations":[{"start":{"line":36,"column":8},"end":{"line":38,"column":9}},{"start":{},"end":{}}],"line":36},"3":{"loc":{"start":{"line":40,"column":15},"end":{"line":40,"column":25}},"type":"binary-expr","locations":[{"start":{"line":40,"column":15},"end":{"line":40,"column":19}},{"start":{"line":40,"column":23},"end":{"line":40,"column":25}}],"line":40},"4":{"loc":{"start":{"line":70,"column":16},"end":{"line":72,"column":17}},"type":"if","locations":[{"start":{"line":70,"column":16},"end":{"line":72,"column":17}},{"start":{},"end":{}}],"line":70},"5":{"loc":{"start":{"line":136,"column":4},"end":{"line":139,"column":5}},"type":"if","locations":[{"start":{"line":136,"column":4},"end":{"line":139,"column":5}},{"start":{},"end":{}}],"line":136},"6":{"loc":{"start":{"line":136,"column":8},"end":{"line":136,"column":44}},"type":"binary-expr","locations":[{"start":{"line":136,"column":8},"end":{"line":136,"column":24}},{"start":{"line":136,"column":28},"end":{"line":136,"column":44}}],"line":136},"7":{"loc":{"start":{"line":140,"column":11},"end":{"line":140,"column":72}},"type":"binary-expr","locations":[{"start":{"line":140,"column":11},"end":{"line":140,"column":63}},{"start":{"line":140,"column":67},"end":{"line":140,"column":72}}],"line":140}},"s":{"0":0,"1":0,"2":0,"3":1,"4":1,"5":1,"6":1,"7":2,"8":2,"9":2,"10":2,"11":2,"12":2,"13":2,"14":0,"15":0,"16":0,"17":0,"18":2,"19":2,"20":1,"21":1,"22":1,"23":1,"24":1,"25":1,"26":0,"27":0,"28":0,"29":0,"30":0,"31":0,"32":0,"33":1,"34":0,"35":0,"36":0,"37":0,"38":0,"39":0,"40":0,"41":0,"42":0,"43":0,"44":0,"45":0,"46":0,"47":0,"48":0,"49":0,"50":0,"51":0,"52":0,"53":0,"54":0,"55":0,"56":0,"57":0,"58":0,"59":0,"60":0,"61":0,"62":0,"63":0},"f":{"0":0,"1":2,"2":1,"3":1,"4":0,"5":0,"6":0,"7":0,"8":0,"9":0,"10":0},"b":{"0":[0,0],"1":[2,2],"2":[0,0],"3":[0,0],"4":[0,0],"5":[0,0],"6":[0,0],"7":[0,0]},"inputSourceMap":null,"_coverageSchema":"1a1c01bbd47fc00a2c39e90264f33305004495a9","hash":"3815bdabf14f5d453db398dc2f93a64130e6f4b2"}
,"/Users/kctong529/Library/Mobile Documents/com~apple~CloudDocs/Coding/Repo/sisukas/yamlLoader.js": {"path":"/Users/kctong529/Library/Mobile Documents/com~apple~CloudDocs/Coding/Repo/sisukas/yamlLoader.js","statementMap":{"0":{"start":{"line":2,"column":2},"end":{"line":2,"column":73}}},"fnMap":{"0":{"name":"getYaml","decl":{"start":{"line":1,"column":22},"end":{"line":1,"column":29}},"loc":{"start":{"line":1,"column":32},"end":{"line":3,"column":1}},"line":1}},"branchMap":{},"s":{"0":0},"f":{"0":0},"b":{},"inputSourceMap":null,"_coverageSchema":"1a1c01bbd47fc00a2c39e90264f33305004495a9","hash":"1212620373f151183fea37a436b0f6290f7f27aa"}
}
