TN:
SF:loader.js
FN:5,loadYaml
FN:25,(anonymous_1)
FN:48,loadPrograms
FN:57,(anonymous_3)
FN:58,(anonymous_4)
FN:69,(anonymous_5)
FN:84,loadPeriods
FN:92,renderPeriods
FN:98,(anonymous_8)
FN:110,(anonymous_9)
FN:135,isCourseInCurriculum
FNF:11
FNH:3
FNDA:0,loadYaml
FNDA:2,(anonymous_1)
FNDA:1,loadPrograms
FNDA:1,(anonymous_3)
FNDA:0,(anonymous_4)
FNDA:0,(anonymous_5)
FNDA:0,loadPeriods
FNDA:0,renderPeriods
FNDA:0,(anonymous_8)
FNDA:0,(anonymous_9)
FNDA:0,isCourseInCurriculum
DA:6,0
DA:7,0
DA:9,0
DA:13,1
DA:17,1
DA:22,1
DA:25,1
DA:26,2
DA:27,2
DA:28,2
DA:30,2
DA:31,2
DA:32,2
DA:33,2
DA:35,0
DA:36,0
DA:37,0
DA:40,0
DA:42,2
DA:43,2
DA:50,1
DA:51,1
DA:53,1
DA:54,1
DA:57,1
DA:58,1
DA:59,0
DA:60,0
DA:63,0
DA:69,0
DA:70,0
DA:71,0
DA:73,0
DA:79,1
DA:80,0
DA:85,0
DA:88,0
DA:93,0
DA:96,0
DA:98,0
DA:100,0
DA:101,0
DA:104,0
DA:105,0
DA:106,0
DA:107,0
DA:110,0
DA:111,0
DA:112,0
DA:113,0
DA:115,0
DA:116,0
DA:117,0
DA:119,0
DA:120,0
DA:121,0
DA:123,0
DA:124,0
DA:126,0
DA:130,0
DA:136,0
DA:137,0
DA:138,0
DA:140,0
LF:64
LH:20
BRDA:6,0,0,0
BRDA:6,0,1,0
BRDA:27,1,0,2
BRDA:27,1,1,2
BRDA:36,2,0,0
BRDA:36,2,1,0
BRDA:40,3,0,0
BRDA:40,3,1,0
BRDA:70,4,0,0
BRDA:70,4,1,0
BRDA:136,5,0,0
BRDA:136,5,1,0
BRDA:136,6,0,0
BRDA:136,6,1,0
BRDA:140,7,0,0
BRDA:140,7,1,0
BRF:16
BRH:2
end_of_record
TN:
SF:yamlLoader.js
FN:1,getYaml
FNF:1
FNH:0
FNDA:0,getYaml
DA:2,0
LF:1
LH:0
BRF:0
BRH:0
end_of_record
